*********************************************************************
* LD Score Regression (LDSC)
* Version 1.0.1
* (C) 2014-2019 Brendan Bulik-Sullivan and Hilary Finucane
* Broad Institute of MIT and Harvard / MIT Department of Mathematics
* GNU General Public License v3
*********************************************************************
Call: 
./ldsc.py \
--h2 Y11_y_res_Heart_Kidney_imputed_v3_fuma.sumstats.gz \
--out Y11_y_res_Heart_Kidney_imputed_v3_fuma.h2 \
--w-ld /cpfs01/projects-HDD/cfff-6117e6302119_HDD/lm_21210880006/software/ldsc/data/ldscore/EUR/UKBB.EUR \
--ref-ld /cpfs01/projects-HDD/cfff-6117e6302119_HDD/lm_21210880006/software/ldsc/data/ldscore/EUR/UKBB.EUR 

Beginning analysis at Sat Jan 27 01:50:00 2024
Reading summary statistics from Y11_y_res_Heart_Kidney_imputed_v3_fuma.sumstats.gz ...
Read summary statistics for 1176371 SNPs.
Reading reference panel LD Score from /cpfs01/projects-HDD/cfff-6117e6302119_HDD/lm_21210880006/software/ldsc/data/ldscore/EUR/UKBB.EUR ... (ldscore_fromlist)
Read reference panel LD Scores for 1094844 SNPs.
Removing partitioned LD Scores with zero variance.
Reading regression weight LD Score from /cpfs01/projects-HDD/cfff-6117e6302119_HDD/lm_21210880006/software/ldsc/data/ldscore/EUR/UKBB.EUR ... (ldscore_fromlist)
Read regression weight LD Scores for 1094844 SNPs.
After merging with reference panel LD, 1082399 SNPs remain.
After merging with regression SNP LD, 1082399 SNPs remain.
Using two-step estimator with cutoff at 30.
Total Observed scale h2: 0.2119 (0.0287)
Lambda GC: 1.0957
Mean Chi^2: 1.1145
Intercept: 1.0248 (0.0085)
Ratio: 0.2169 (0.0743)
Analysis finished at Sat Jan 27 01:50:08 2024
Total time elapsed: 8.31s
